<?xml version="1.0" encoding="UTF-8"?>
<!-- Generated by org.testng.reporters.JUnitReportReporter -->
<testsuite hostname="IN-HKTHST2" failures="0" tests="1" name="HelperAttribute.timeoutHelperExample" time="14.724" errors="0" timestamp="2024-05-08T15:57:31 IST" skipped="0">
  <testcase classname="HelperAttribute.timeoutHelperExample" name="launched" time="14.724"/>
  <system-out/>
</testsuite> <!-- HelperAttribute.timeoutHelperExample -->
