<?xml version="1.0" encoding="UTF-8"?>
<!-- Generated by org.testng.reporters.JUnitReportReporter -->
<testsuite hostname="IN-HKTHST2" failures="0" tests="2" name="HelperAttribute.Threadpoolsizexample" time="33.807" errors="0" timestamp="2024-05-08T15:58:42 IST" skipped="0">
  <testcase classname="HelperAttribute.Threadpoolsizexample" name="launched" time="16.511"/>
  <system-out/>
  <testcase classname="HelperAttribute.Threadpoolsizexample" name="launched" time="17.296"/>
  <system-out/>
</testsuite> <!-- HelperAttribute.Threadpoolsizexample -->
