<?xml version="1.0" encoding="UTF-8"?>
<!-- Generated by org.testng.reporters.JUnitReportReporter -->
<testsuite hostname="IN-HKTHST2" failures="0" tests="2" name="HelperAttribute.threadpoolsize" time="31.415" errors="0" timestamp="2024-05-08T15:43:08 IST" skipped="0">
  <testcase classname="HelperAttribute.threadpoolsize" name="launching" time="15.767"/>
  <system-out>
testNG installed maximize the window launched the webshop url add waits as 2 sec Close the browser  </system-out>
  <testcase classname="HelperAttribute.threadpoolsize" name="launching" time="15.648"/>
  <system-out>
testNG installed maximize the window launched the webshop url add waits as 2 sec Close the browser  </system-out>
</testsuite> <!-- HelperAttribute.threadpoolsize -->
