<?xml version="1.0" encoding="UTF-8"?>
<!-- Generated by org.testng.reporters.JUnitReportReporter -->
<testsuite hostname="IN-HKTHST2" failures="0" tests="1" name="genericlib.LearningUtilityMethod" time="10.572" errors="0" timestamp="2024-05-17T16:57:00 IST" skipped="0">
  <testcase classname="genericlib.LearningUtilityMethod" name="script" time="10.572"/>
</testsuite> <!-- genericlib.LearningUtilityMethod -->
