<?xml version="1.0" encoding="UTF-8"?>
<!-- Generated by org.testng.reporters.JUnitReportReporter -->
<testsuite hostname="IN-HKTHST2" failures="0" tests="1" name="genericlib.BaseClass" time="2.574" errors="0" timestamp="2024-05-09T18:06:55 IST" skipped="0">
  <testcase classname="genericlib.BaseClass" name="testscript" time="2.574">
    <system-out>
      <![CDATA[user is able to write the test script]]>
    </system-out>
  </testcase> <!-- testscript -->
  <system-out>
    <![CDATA[user is able to make the connection to database
user is able to write the precondition
user is able to launch the url
user is able to maximize the window
user is able to launch the demo web shop website
user is able to enter the username and password and after that user is able to click on login button
User is able to click on login cta
user is able to enter the username
user is able to enter the password
User is able to click on login cta
user is able to write the test script
user is able to click on logout cta
user is able to close the browser
user is able to enter the post conditions
User is able to close the db connection]]>
  </system-out>
</testsuite> <!-- genericlib.BaseClass -->
