<?xml version="1.0" encoding="UTF-8"?>
<!-- Generated by org.testng.reporters.JUnitReportReporter -->
<testsuite hostname="IN-HKTHST2" failures="0" tests="1" name="POM.TestScript02" time="6.048" errors="0" timestamp="2024-05-17T16:01:02 IST" skipped="0">
  <testcase classname="POM.TestScript02" name="script3" time="6.048"/>
</testsuite> <!-- POM.TestScript02 -->
