<?xml version="1.0" encoding="UTF-8"?>
<!-- Generated by org.testng.reporters.JUnitReportReporter -->
<testsuite hostname="IN-HKTHST2" failures="0" tests="1" name="Assert.HardAssert" time="13.978" errors="0" timestamp="2024-05-14T16:27:00 IST" skipped="0">
  <testcase classname="Assert.HardAssert" name="HardAssert" time="13.978"/>
</testsuite> <!-- Assert.HardAssert -->
