<?xml version="1.0" encoding="UTF-8"?>
<!-- Generated by org.testng.reporters.JUnitReportReporter -->
<testsuite hostname="IN-HKTHST2" failures="0" tests="1" name="Assert.SoftAssert" time="8.599" errors="0" timestamp="2024-05-16T10:02:27 IST" skipped="0">
  <testcase classname="Assert.SoftAssert" name="launch" time="8.599"/>
</testsuite> <!-- Assert.SoftAssert -->
