<?xml version="1.0" encoding="UTF-8"?>
<!-- Generated by org.testng.reporters.JUnitReportReporter -->
<testsuite hostname="IN-HKTHST2" failures="0" tests="2" name="Basic.LearningCrossBrowserTesting" time="32.651" errors="0" timestamp="2024-05-11T15:55:33 IST" skipped="0">
  <testcase classname="Basic.LearningCrossBrowserTesting" name="launch" time="20.965"/>
  <testcase classname="Basic.LearningCrossBrowserTesting" name="launch" time="11.686"/>
</testsuite> <!-- Basic.LearningCrossBrowserTesting -->
