<?xml version="1.0" encoding="UTF-8"?>
<!-- Generated by org.testng.reporters.JUnitReportReporter -->
<testsuite hostname="IN-HKTHST2" failures="0" tests="2" name="DDT.FetchMultipleDatausingdataprovider" time="0.027" errors="0" timestamp="2024-05-13T15:34:26 IST" skipped="0">
  <testcase classname="DDT.FetchMultipleDatausingdataprovider" name="demo" time="0.012"/>
  <testcase classname="DDT.FetchMultipleDatausingdataprovider" name="demo" time="0.015"/>
</testsuite> <!-- DDT.FetchMultipleDatausingdataprovider -->
