<?xml version="1.0" encoding="UTF-8"?>
<!-- Generated by org.testng.reporters.JUnitReportReporter -->
<testsuite hostname="IN-HKTHST2" failures="0" tests="3" name="HelperAttribute.PriorityExample" time="0.030" errors="0" timestamp="2024-05-08T15:55:03 IST" skipped="0">
  <testcase classname="HelperAttribute.PriorityExample" name="login" time="0.023"/>
  <system-out>
user is able to login  </system-out>
  <testcase classname="HelperAttribute.PriorityExample" name="addtocart" time="0.001"/>
  <system-out>
user is able to add the product  </system-out>
  <testcase classname="HelperAttribute.PriorityExample" name="logout" time="0.006"/>
  <system-out>
user is able to logout  </system-out>
</testsuite> <!-- HelperAttribute.PriorityExample -->
