<?xml version="1.0" encoding="UTF-8"?>
<!-- Generated by org.testng.reporters.JUnitReportReporter -->
<testsuite hostname="IN-HKTHST2" failures="0" tests="3" name="HelperAttribute.DeendsOnMethods" time="0.028" errors="0" timestamp="2024-05-08T15:25:07 IST" skipped="0">
  <testcase classname="HelperAttribute.DeendsOnMethods" name="login" time="0.024"/>
  <system-out>
user is able to login  </system-out>
  <testcase classname="HelperAttribute.DeendsOnMethods" name="logout" time="0.002"/>
  <system-out>
user is able to logout  </system-out>
  <testcase classname="HelperAttribute.DeendsOnMethods" name="addtocart" time="0.002"/>
  <system-out>
user is able to add the product into cart  </system-out>
</testsuite> <!-- HelperAttribute.DeendsOnMethods -->
