<?xml version="1.0" encoding="UTF-8"?>
<!-- Generated by org.testng.reporters.JUnitReportReporter -->
<testsuite hostname="IN-HKTHST2" failures="0" tests="1" name="HelperAttribute.timeoutHelperAttribute" time="18.314" errors="0" timestamp="2024-05-08T15:33:03 IST" skipped="0">
  <testcase classname="HelperAttribute.timeoutHelperAttribute" name="launching" time="18.314"/>
  <system-out>
testNG installed maximize the window launched the webshop url add waits as 2 sec Close the browser  </system-out>
</testsuite> <!-- HelperAttribute.timeoutHelperAttribute -->
