<?xml version="1.0" encoding="UTF-8"?>
<!-- Generated by org.testng.reporters.JUnitReportReporter -->
<testsuite hostname="IN-HKTHST2" failures="0" tests="3" name="HelperAttribute.LearningPriority" time="0.020" errors="0" timestamp="2024-05-07T16:56:36 IST" skipped="0">
  <testcase classname="HelperAttribute.LearningPriority" name="login" time="0.012">
    <system-out>
      <![CDATA[user is able to login]]>
    </system-out>
  </testcase> <!-- login -->
  <testcase classname="HelperAttribute.LearningPriority" name="addtocart" time="0.005">
    <system-out>
      <![CDATA[user is able to add the product into cart]]>
    </system-out>
  </testcase> <!-- addtocart -->
  <testcase classname="HelperAttribute.LearningPriority" name="logout" time="0.003">
    <system-out>
      <![CDATA[user is able to logout]]>
    </system-out>
  </testcase> <!-- logout -->
  <system-out>
    <![CDATA[user is able to login
user is able to add the product into cart
user is able to logout]]>
  </system-out>
</testsuite> <!-- HelperAttribute.LearningPriority -->
