<?xml version="1.0" encoding="UTF-8"?>
<!-- Generated by org.testng.reporters.JUnitReportReporter -->
<testsuite hostname="IN-HKTHST2" failures="0" tests="1" name="BatchExecution.LuanchingPizza" time="40.996" errors="0" timestamp="2024-05-10T16:32:17 IST" skipped="0">
  <testcase classname="BatchExecution.LuanchingPizza" name="amazon" time="40.996"/>
</testsuite> <!-- BatchExecution.LuanchingPizza -->
