<?xml version="1.0" encoding="UTF-8"?>
<!-- Generated by org.testng.reporters.JUnitReportReporter -->
<testsuite hostname="IN-HKTHST2" failures="0" tests="1" name="HelperAttribute.LearningEnabledPriority" time="12.895" errors="0" timestamp="2024-05-07T16:54:49 IST" skipped="0">
  <testcase classname="HelperAttribute.LearningEnabledPriority" name="launching" time="12.895">
    <system-out>
      <![CDATA[testNG installed
maximize the window
launched the webshop url
add waits as 2 sec
Close the browser]]>
    </system-out>
  </testcase> <!-- launching -->
  <system-out>
    <![CDATA[testNG installed
maximize the window
launched the webshop url
add waits as 2 sec
Close the browser]]>
  </system-out>
</testsuite> <!-- HelperAttribute.LearningEnabledPriority -->
