<?xml version="1.0" encoding="UTF-8"?>
<!-- Generated by org.testng.reporters.JUnitReportReporter -->
<testsuite hostname="IN-HKTHST2" failures="0" tests="1" name="Basic.Demo" time="13.310" errors="0" timestamp="2024-05-07T16:12:49 IST" skipped="0">
  <testcase classname="Basic.Demo" name="launching" time="13.310">
    <system-out>
      <![CDATA[testNG installed
maximize the window
launched the webshop url
add waits as 2 sec
Close the browser]]>
    </system-out>
  </testcase> <!-- launching -->
  <system-out>
    <![CDATA[testNG installed
maximize the window
launched the webshop url
add waits as 2 sec
Close the browser]]>
  </system-out>
</testsuite> <!-- Basic.Demo -->
