<?xml version="1.0" encoding="UTF-8"?>
<!-- Generated by org.testng.reporters.JUnitReportReporter -->
<testsuite hostname="IN-HKTHST2" failures="0" tests="1" name="POM.TestScript" time="3.194" errors="0" timestamp="2024-05-17T15:54:15 IST" skipped="0">
  <testcase classname="POM.TestScript" name="script" time="3.194"/>
</testsuite> <!-- POM.TestScript -->
