<?xml version="1.0" encoding="UTF-8"?>
<!-- Generated by org.testng.reporters.JUnitReportReporter -->
<testsuite hostname="IN-HKTHST2" failures="0" tests="4" name="HelperAttribute.LearningInvocationcount" time="37.742" errors="0" timestamp="2024-05-07T16:56:04 IST" skipped="0">
  <testcase classname="HelperAttribute.LearningInvocationcount" name="launching" time="8.940">
    <system-out>
      <![CDATA[testNG installed
maximize the window
launched the webshop url
add waits as 2 sec
Close the browser]]>
    </system-out>
  </testcase> <!-- launching -->
  <testcase classname="HelperAttribute.LearningInvocationcount" name="launching" time="10.909">
    <system-out>
      <![CDATA[testNG installed
maximize the window
launched the webshop url
add waits as 2 sec
Close the browser]]>
    </system-out>
  </testcase> <!-- launching -->
  <testcase classname="HelperAttribute.LearningInvocationcount" name="launching" time="8.144">
    <system-out>
      <![CDATA[testNG installed
maximize the window
launched the webshop url
add waits as 2 sec
Close the browser]]>
    </system-out>
  </testcase> <!-- launching -->
  <testcase classname="HelperAttribute.LearningInvocationcount" name="launching" time="9.749">
    <system-out>
      <![CDATA[testNG installed
maximize the window
launched the webshop url
add waits as 2 sec
Close the browser]]>
    </system-out>
  </testcase> <!-- launching -->
  <system-out>
    <![CDATA[testNG installed
maximize the window
launched the webshop url
add waits as 2 sec
Close the browser
testNG installed
maximize the window
launched the webshop url
add waits as 2 sec
Close the browser
testNG installed
maximize the window
launched the webshop url
add waits as 2 sec
Close the browser
testNG installed
maximize the window
launched the webshop url
add waits as 2 sec
Close the browser]]>
  </system-out>
</testsuite> <!-- HelperAttribute.LearningInvocationcount -->
